1498562783971	geckodriver	INFO	Listening on 127.0.0.1:63290
1498562785508	geckodriver::marionette	INFO	Starting browser /Applications/Firefox.app/Contents/MacOS/firefox-bin with args ["-marionette"]
1498562788936	Marionette	INFO	Listening on port 63307
1498562789041	Marionette	WARN	TLS certificate errors will be ignored for this session
1498562789448	Marionette	DEBUG	loaded listener.js
1498562789601	Marionette	DEBUG	Received DOM event "beforeunload" for "about:blank"
2017-06-27 19:26:29.721 plugin-container[47790:386960] *** CFMessagePort: bootstrap_register(): failed 1100 (0x44c) 'Permission denied', port = 0x8f3f, name = 'com.apple.tsm.portname'
See /usr/include/servers/bootstrap_defs.h for the error codes.
2017-06-27 19:26:29.721 plugin-container[47790:386960] *** CFMessagePort: bootstrap_register(): failed 1100 (0x44c) 'Permission denied', port = 0x9143, name = 'com.apple.CFPasteboardClient'
See /usr/include/servers/bootstrap_defs.h for the error codes.
2017-06-27 19:26:29.721 plugin-container[47790:386960] void __CFPasteboardSetup() : Failed to allocate communication port for com.apple.CFPasteboardClient; this is likely due to sandbox restrictions
1498562868646	addons.productaddons	WARN	Failed downloading XML, status: 0, reason: timeout
1498562880046	Marionette	DEBUG	Received DOM event "beforeunload" for "about:blank"
1498562880049	Marionette	DEBUG	Received DOM event "pagehide" for "about:blank"
1498562880049	Marionette	DEBUG	Received DOM event "unload" for "about:blank"
1498562880179	Marionette	DEBUG	Received DOM event "DOMContentLoaded" for "about:neterror?e=netTimeout&u=http%3A//www.newrank.cn/public/login/login.html&c=UTF-8&f=regular&d=www.newrank.cn%20%E7%9A%84%E6%9C%8D%E5%8A%A1%E5%99%A8%E5%93%8D%E5%BA%94%E6%97%B6%E9%97%B4%E8%BF%87%E9%95%BF%E3%80%82"
1498563059080	addons.productaddons	WARN	Failed downloading via XHR, status: 0, reason: error
1498563127755	geckodriver	INFO	Listening on 127.0.0.1:64836
1498563128970	geckodriver::marionette	INFO	Starting browser /Applications/Firefox.app/Contents/MacOS/firefox-bin with args ["-marionette"]
1498563132583	Marionette	INFO	Listening on port 64854
1498563132733	Marionette	WARN	TLS certificate errors will be ignored for this session
1498563133145	Marionette	DEBUG	loaded listener.js
1498563133219	Marionette	DEBUG	Received DOM event "beforeunload" for "about:blank"
2017-06-27 19:32:13.329 plugin-container[48237:391590] *** CFMessagePort: bootstrap_register(): failed 1100 (0x44c) 'Permission denied', port = 0x913f, name = 'com.apple.tsm.portname'
See /usr/include/servers/bootstrap_defs.h for the error codes.
2017-06-27 19:32:13.330 plugin-container[48237:391590] *** CFMessagePort: bootstrap_register(): failed 1100 (0x44c) 'Permission denied', port = 0x5417, name = 'com.apple.CFPasteboardClient'
See /usr/include/servers/bootstrap_defs.h for the error codes.
2017-06-27 19:32:13.330 plugin-container[48237:391590] void __CFPasteboardSetup() : Failed to allocate communication port for com.apple.CFPasteboardClient; this is likely due to sandbox restrictions
1498563153954	addons.productaddons	WARN	Failed downloading via XHR, status: 0, reason: error
1498563212287	addons.productaddons	WARN	Failed downloading XML, status: 0, reason: timeout
1498563223500	Marionette	DEBUG	Received DOM event "beforeunload" for "about:blank"
1498563223504	Marionette	DEBUG	Received DOM event "pagehide" for "about:blank"
1498563223504	Marionette	DEBUG	Received DOM event "unload" for "about:blank"
1498563223612	Marionette	DEBUG	Received DOM event "DOMContentLoaded" for "about:neterror?e=netTimeout&u=http%3A//www.newrank.cn/public/login/login.html&c=UTF-8&f=regular&d=www.newrank.cn%20%E7%9A%84%E6%9C%8D%E5%8A%A1%E5%99%A8%E5%93%8D%E5%BA%94%E6%97%B6%E9%97%B4%E8%BF%87%E9%95%BF%E3%80%82"
1498563284557	addons.productaddons	WARN	Failed downloading via XHR, status: 0, reason: error
1498563284566	addons.productaddons	WARN	Failed downloading via XHR, status: 0, reason: error
1498563285020	Marionette	INFO	Ceased listening
1498563288807	Marionette	INFO	Ceased listening
1498563367829	geckodriver	INFO	Listening on 127.0.0.1:50022
1498563368955	geckodriver::marionette	INFO	Starting browser /Applications/Firefox.app/Contents/MacOS/firefox-bin with args ["-marionette"]
1498563373011	Marionette	INFO	Listening on port 50037
1498563373154	Marionette	WARN	TLS certificate errors will be ignored for this session
1498563373597	Marionette	DEBUG	loaded listener.js
1498563373686	Marionette	DEBUG	Received DOM event "beforeunload" for "about:blank"
2017-06-27 19:36:13.786 plugin-container[48521:395453] *** CFMessagePort: bootstrap_register(): failed 1100 (0x44c) 'Permission denied', port = 0x8f3f, name = 'com.apple.tsm.portname'
See /usr/include/servers/bootstrap_defs.h for the error codes.
2017-06-27 19:36:13.792 plugin-container[48521:395453] *** CFMessagePort: bootstrap_register(): failed 1100 (0x44c) 'Permission denied', port = 0x9113, name = 'com.apple.CFPasteboardClient'
See /usr/include/servers/bootstrap_defs.h for the error codes.
2017-06-27 19:36:13.792 plugin-container[48521:395453] void __CFPasteboardSetup() : Failed to allocate communication port for com.apple.CFPasteboardClient; this is likely due to sandbox restrictions
1498563373806	Marionette	DEBUG	Received DOM event "pagehide" for "about:blank"
1498563373807	Marionette	DEBUG	Received DOM event "unload" for "about:blank"
1498563375080	Marionette	DEBUG	Received DOM event "DOMContentLoaded" for "http://www.newrank.cn/public/login/login.html"
1498563375348	Marionette	DEBUG	Received DOM event "pageshow" for "http://www.newrank.cn/public/login/login.html"
1498563814411	geckodriver	INFO	Listening on 127.0.0.1:52107
1498563815517	geckodriver::marionette	INFO	Starting browser /Applications/Firefox.app/Contents/MacOS/firefox-bin with args ["-marionette"]
1498563818807	Marionette	INFO	Listening on port 52121
1498563818921	Marionette	WARN	TLS certificate errors will be ignored for this session
1498563819346	Marionette	DEBUG	loaded listener.js
1498563819462	Marionette	DEBUG	Received DOM event "beforeunload" for "about:blank"
2017-06-27 19:43:39.554 plugin-container[49018:400918] *** CFMessagePort: bootstrap_register(): failed 1100 (0x44c) 'Permission denied', port = 0x8e33, name = 'com.apple.tsm.portname'
See /usr/include/servers/bootstrap_defs.h for the error codes.
2017-06-27 19:43:39.555 plugin-container[49018:400918] *** CFMessagePort: bootstrap_register(): failed 1100 (0x44c) 'Permission denied', port = 0x9613, name = 'com.apple.CFPasteboardClient'
See /usr/include/servers/bootstrap_defs.h for the error codes.
2017-06-27 19:43:39.555 plugin-container[49018:400918] void __CFPasteboardSetup() : Failed to allocate communication port for com.apple.CFPasteboardClient; this is likely due to sandbox restrictions
1498563898512	addons.productaddons	WARN	Failed downloading XML, status: 0, reason: timeout
1498563910044	Marionette	DEBUG	Received DOM event "beforeunload" for "about:blank"
1498563910050	Marionette	DEBUG	Received DOM event "pagehide" for "about:blank"
1498563910050	Marionette	DEBUG	Received DOM event "unload" for "about:blank"
1498563910244	Marionette	DEBUG	Received DOM event "DOMContentLoaded" for "about:neterror?e=netTimeout&u=http%3A//www.newrank.cn/public/login/login.html&c=UTF-8&f=regular&d=www.newrank.cn%20%E7%9A%84%E6%9C%8D%E5%8A%A1%E5%99%A8%E5%93%8D%E5%BA%94%E6%97%B6%E9%97%B4%E8%BF%87%E9%95%BF%E3%80%82"
1498563918260	addons.productaddons	WARN	Failed downloading via XHR, status: 0, reason: error
1498563918277	addons.productaddons	WARN	Failed downloading via XHR, status: 0, reason: error
1498563952700	geckodriver	INFO	Listening on 127.0.0.1:52966
1498563953810	geckodriver::marionette	INFO	Starting browser /Applications/Firefox.app/Contents/MacOS/firefox-bin with args ["-marionette"]
1498563957265	Marionette	INFO	Listening on port 52980
1498563957541	Marionette	WARN	TLS certificate errors will be ignored for this session
1498563958107	Marionette	DEBUG	loaded listener.js
1498563958185	Marionette	DEBUG	Received DOM event "beforeunload" for "about:blank"
2017-06-27 19:45:58.352 plugin-container[49191:403050] *** CFMessagePort: bootstrap_register(): failed 1100 (0x44c) 'Permission denied', port = 0x8f3f, name = 'com.apple.tsm.portname'
See /usr/include/servers/bootstrap_defs.h for the error codes.
2017-06-27 19:45:58.354 plugin-container[49191:403050] *** CFMessagePort: bootstrap_register(): failed 1100 (0x44c) 'Permission denied', port = 0x9127, name = 'com.apple.CFPasteboardClient'
See /usr/include/servers/bootstrap_defs.h for the error codes.
2017-06-27 19:45:58.354 plugin-container[49191:403050] void __CFPasteboardSetup() : Failed to allocate communication port for com.apple.CFPasteboardClient; this is likely due to sandbox restrictions
1498563959417	Marionette	DEBUG	Received DOM event "pagehide" for "about:blank"
1498563959417	Marionette	DEBUG	Received DOM event "unload" for "about:blank"
1498563960556	Marionette	DEBUG	Received DOM event "DOMContentLoaded" for "http://www.newrank.cn/public/login/login.html"
1498563960873	Marionette	DEBUG	Received DOM event "pageshow" for "http://www.newrank.cn/public/login/login.html"
1498563962224	Marionette	INFO	Ceased listening
1498563996722	geckodriver	INFO	Listening on 127.0.0.1:53288
1498563997808	geckodriver::marionette	INFO	Starting browser /Applications/Firefox.app/Contents/MacOS/firefox-bin with args ["-marionette"]
1498564001064	Marionette	INFO	Listening on port 53302
1498564001170	Marionette	WARN	TLS certificate errors will be ignored for this session
1498564001574	Marionette	DEBUG	loaded listener.js
1498564001644	Marionette	DEBUG	Received DOM event "beforeunload" for "about:blank"
2017-06-27 19:46:41.743 plugin-container[49239:403825] *** CFMessagePort: bootstrap_register(): failed 1100 (0x44c) 'Permission denied', port = 0x8e3f, name = 'com.apple.tsm.portname'
See /usr/include/servers/bootstrap_defs.h for the error codes.
2017-06-27 19:46:41.745 plugin-container[49239:403825] *** CFMessagePort: bootstrap_register(): failed 1100 (0x44c) 'Permission denied', port = 0x901b, name = 'com.apple.CFPasteboardClient'
See /usr/include/servers/bootstrap_defs.h for the error codes.
2017-06-27 19:46:41.745 plugin-container[49239:403825] void __CFPasteboardSetup() : Failed to allocate communication port for com.apple.CFPasteboardClient; this is likely due to sandbox restrictions
1498564001768	Marionette	DEBUG	Received DOM event "pagehide" for "about:blank"
1498564001768	Marionette	DEBUG	Received DOM event "unload" for "about:blank"
1498564018372	Marionette	DEBUG	Received DOM event "DOMContentLoaded" for "http://www.newrank.cn/public/login/login.html"
1498564018775	Marionette	DEBUG	Received DOM event "pageshow" for "http://www.newrank.cn/public/login/login.html"
1498564177124	geckodriver	INFO	Listening on 127.0.0.1:54226
1498564178224	geckodriver::marionette	INFO	Starting browser /Applications/Firefox.app/Contents/MacOS/firefox-bin with args ["-marionette"]
1498564181688	Marionette	INFO	Listening on port 54241
1498564181812	Marionette	WARN	TLS certificate errors will be ignored for this session
1498564182269	Marionette	DEBUG	loaded listener.js
1498564182336	Marionette	DEBUG	Received DOM event "beforeunload" for "about:blank"
2017-06-27 19:49:42.441 plugin-container[49449:406833] *** CFMessagePort: bootstrap_register(): failed 1100 (0x44c) 'Permission denied', port = 0x8f3f, name = 'com.apple.tsm.portname'
See /usr/include/servers/bootstrap_defs.h for the error codes.
2017-06-27 19:49:42.442 plugin-container[49449:406833] *** CFMessagePort: bootstrap_register(): failed 1100 (0x44c) 'Permission denied', port = 0x5207, name = 'com.apple.CFPasteboardClient'
See /usr/include/servers/bootstrap_defs.h for the error codes.
2017-06-27 19:49:42.442 plugin-container[49449:406833] void __CFPasteboardSetup() : Failed to allocate communication port for com.apple.CFPasteboardClient; this is likely due to sandbox restrictions
1498564182461	Marionette	DEBUG	Received DOM event "pagehide" for "about:blank"
1498564182462	Marionette	DEBUG	Received DOM event "unload" for "about:blank"
1498564183615	Marionette	DEBUG	Received DOM event "DOMContentLoaded" for "http://www.newrank.cn/public/login/login.html"
1498564183825	Marionette	DEBUG	Received DOM event "pageshow" for "http://www.newrank.cn/public/login/login.html"
1498564184251	Marionette	DEBUG	Canceled page load listener because no navigation has been detected
1498564232155	geckodriver	INFO	Listening on 127.0.0.1:54580
1498564233250	geckodriver::marionette	INFO	Starting browser /Applications/Firefox.app/Contents/MacOS/firefox-bin with args ["-marionette"]
1498564237128	Marionette	INFO	Listening on port 54590
1498564237241	Marionette	WARN	TLS certificate errors will be ignored for this session
1498564237877	Marionette	DEBUG	loaded listener.js
1498564238050	Marionette	DEBUG	Received DOM event "beforeunload" for "about:blank"
2017-06-27 19:50:38.260 plugin-container[49547:407964] *** CFMessagePort: bootstrap_register(): failed 1100 (0x44c) 'Permission denied', port = 0x903f, name = 'com.apple.tsm.portname'
See /usr/include/servers/bootstrap_defs.h for the error codes.
2017-06-27 19:50:38.262 plugin-container[49547:407964] *** CFMessagePort: bootstrap_register(): failed 1100 (0x44c) 'Permission denied', port = 0x5307, name = 'com.apple.CFPasteboardClient'
See /usr/include/servers/bootstrap_defs.h for the error codes.
2017-06-27 19:50:38.262 plugin-container[49547:407964] void __CFPasteboardSetup() : Failed to allocate communication port for com.apple.CFPasteboardClient; this is likely due to sandbox restrictions
1498564238519	Marionette	DEBUG	Received DOM event "pagehide" for "about:blank"
1498564238520	Marionette	DEBUG	Received DOM event "unload" for "about:blank"
1498564239698	Marionette	DEBUG	Received DOM event "DOMContentLoaded" for "http://www.newrank.cn/public/login/login.html"
1498564239907	Marionette	DEBUG	Received DOM event "pageshow" for "http://www.newrank.cn/public/login/login.html"
1498564240320	Marionette	DEBUG	Canceled page load listener because no navigation has been detected
1498564246195	geckodriver	INFO	Listening on 127.0.0.1:54794
1498564247288	geckodriver::marionette	INFO	Starting browser /Applications/Firefox.app/Contents/MacOS/firefox-bin with args ["-marionette"]
1498564250423	Marionette	INFO	Listening on port 54808
1498564250532	Marionette	WARN	TLS certificate errors will be ignored for this session
1498564250959	Marionette	DEBUG	loaded listener.js
1498564251027	Marionette	DEBUG	Received DOM event "beforeunload" for "about:blank"
2017-06-27 19:50:51.128 plugin-container[49569:408416] *** CFMessagePort: bootstrap_register(): failed 1100 (0x44c) 'Permission denied', port = 0x8e3f, name = 'com.apple.tsm.portname'
See /usr/include/servers/bootstrap_defs.h for the error codes.
2017-06-27 19:50:51.129 plugin-container[49569:408416] *** CFMessagePort: bootstrap_register(): failed 1100 (0x44c) 'Permission denied', port = 0x5117, name = 'com.apple.CFPasteboardClient'
See /usr/include/servers/bootstrap_defs.h for the error codes.
2017-06-27 19:50:51.129 plugin-container[49569:408416] void __CFPasteboardSetup() : Failed to allocate communication port for com.apple.CFPasteboardClient; this is likely due to sandbox restrictions
1498564251154	Marionette	DEBUG	Received DOM event "pagehide" for "about:blank"
1498564251154	Marionette	DEBUG	Received DOM event "unload" for "about:blank"
1498564252331	Marionette	DEBUG	Received DOM event "DOMContentLoaded" for "http://www.newrank.cn/public/login/login.html"
1498564252516	Marionette	DEBUG	Received DOM event "pageshow" for "http://www.newrank.cn/public/login/login.html"
1498564252875	Marionette	DEBUG	Canceled page load listener because no navigation has been detected
1498564269686	Marionette	INFO	Ceased listening
1498564275743	Marionette	INFO	Ceased listening
1498564278742	Marionette	INFO	Ceased listening
1498564285599	Marionette	INFO	Ceased listening
1498564288413	addons.productaddons	WARN	Failed downloading via XHR, status: 0, reason: error
1498564288418	addons.productaddons	WARN	Failed downloading via XHR, status: 0, reason: error
1498564288674	Marionette	INFO	Ceased listening
1498564292249	Marionette	INFO	Ceased listening
1498564378305	geckodriver	INFO	Listening on 127.0.0.1:55606
1498564379391	geckodriver::marionette	INFO	Starting browser /Applications/Firefox.app/Contents/MacOS/firefox-bin with args ["-marionette"]
1498564382543	Marionette	INFO	Listening on port 55625
1498564382676	Marionette	WARN	TLS certificate errors will be ignored for this session
1498564383030	Marionette	DEBUG	loaded listener.js
1498564383097	Marionette	DEBUG	Received DOM event "beforeunload" for "about:blank"
2017-06-27 19:53:03.179 plugin-container[49722:411060] *** CFMessagePort: bootstrap_register(): failed 1100 (0x44c) 'Permission denied', port = 0x903f, name = 'com.apple.tsm.portname'
See /usr/include/servers/bootstrap_defs.h for the error codes.
2017-06-27 19:53:03.181 plugin-container[49722:411060] *** CFMessagePort: bootstrap_register(): failed 1100 (0x44c) 'Permission denied', port = 0x911f, name = 'com.apple.CFPasteboardClient'
See /usr/include/servers/bootstrap_defs.h for the error codes.
2017-06-27 19:53:03.181 plugin-container[49722:411060] void __CFPasteboardSetup() : Failed to allocate communication port for com.apple.CFPasteboardClient; this is likely due to sandbox restrictions
1498564444391	geckodriver	INFO	Listening on 127.0.0.1:55967
1498564445499	geckodriver::marionette	INFO	Starting browser /Applications/Firefox.app/Contents/MacOS/firefox-bin with args ["-marionette"]
1498564448617	Marionette	INFO	Listening on port 55977
1498564448709	Marionette	WARN	TLS certificate errors will be ignored for this session
1498564449164	Marionette	DEBUG	loaded listener.js
1498564449249	Marionette	DEBUG	Received DOM event "beforeunload" for "about:blank"
2017-06-27 19:54:09.341 plugin-container[49803:412380] *** CFMessagePort: bootstrap_register(): failed 1100 (0x44c) 'Permission denied', port = 0x9347, name = 'com.apple.tsm.portname'
See /usr/include/servers/bootstrap_defs.h for the error codes.
2017-06-27 19:54:09.342 plugin-container[49803:412380] *** CFMessagePort: bootstrap_register(): failed 1100 (0x44c) 'Permission denied', port = 0x5213, name = 'com.apple.CFPasteboardClient'
See /usr/include/servers/bootstrap_defs.h for the error codes.
2017-06-27 19:54:09.343 plugin-container[49803:412380] void __CFPasteboardSetup() : Failed to allocate communication port for com.apple.CFPasteboardClient; this is likely due to sandbox restrictions
1498564449360	Marionette	DEBUG	Received DOM event "pagehide" for "about:blank"
1498564449361	Marionette	DEBUG	Received DOM event "unload" for "about:blank"
1498564451117	Marionette	DEBUG	Received DOM event "DOMContentLoaded" for "http://www.newrank.cn/public/login/login.html"
1498564451808	Marionette	DEBUG	Received DOM event "pageshow" for "http://www.newrank.cn/public/login/login.html"
1498564452147	Marionette	DEBUG	Canceled page load listener because no navigation has been detected
*************************
A coding exception was thrown and uncaught in a Task.

Full message: TypeError: NetworkError when attempting to fetch resource.
Full stack: 
*************************
1498566136214	Marionette	DEBUG	loaded listener.js
JavaScript error: http://assets.newrank.cn/assets/common/js/seajs-config-front.js?t=1497579817791, line 5: TypeError: D[A] is undefined
1498566143237	Marionette	DEBUG	loaded listener.js
1498566146767	Marionette	DEBUG	loaded listener.js
1498566191352	Marionette	DEBUG	loaded listener.js
1498566307686	geckodriver	INFO	Listening on 127.0.0.1:64391
1498566308877	geckodriver::marionette	INFO	Starting browser /Applications/Firefox.app/Contents/MacOS/firefox-bin with args ["-marionette"]
1498566312785	Marionette	INFO	Listening on port 64406
1498566312912	Marionette	WARN	TLS certificate errors will be ignored for this session
1498566313347	Marionette	DEBUG	loaded listener.js
1498566313438	Marionette	DEBUG	Received DOM event "beforeunload" for "about:blank"
2017-06-27 20:25:13.549 plugin-container[51874:432796] *** CFMessagePort: bootstrap_register(): failed 1100 (0x44c) 'Permission denied', port = 0x8d3b, name = 'com.apple.tsm.portname'
See /usr/include/servers/bootstrap_defs.h for the error codes.
2017-06-27 20:25:13.550 plugin-container[51874:432796] *** CFMessagePort: bootstrap_register(): failed 1100 (0x44c) 'Permission denied', port = 0x900f, name = 'com.apple.CFPasteboardClient'
See /usr/include/servers/bootstrap_defs.h for the error codes.
2017-06-27 20:25:13.550 plugin-container[51874:432796] void __CFPasteboardSetup() : Failed to allocate communication port for com.apple.CFPasteboardClient; this is likely due to sandbox restrictions
1498566313569	Marionette	DEBUG	Received DOM event "pagehide" for "about:blank"
1498566313570	Marionette	DEBUG	Received DOM event "unload" for "about:blank"
1498566314915	Marionette	DEBUG	Received DOM event "DOMContentLoaded" for "http://www.newrank.cn/public/login/login.html"
1498566315415	Marionette	DEBUG	Received DOM event "pageshow" for "http://www.newrank.cn/public/login/login.html"
1498566315857	Marionette	DEBUG	Canceled page load listener because no navigation has been detected
1498566368353	geckodriver	INFO	Listening on 127.0.0.1:64804
1498566369450	geckodriver::marionette	INFO	Starting browser /Applications/Firefox.app/Contents/MacOS/firefox-bin with args ["-marionette"]
1498566372764	Marionette	INFO	Listening on port 64819
1498566372864	Marionette	WARN	TLS certificate errors will be ignored for this session
1498566373315	Marionette	DEBUG	loaded listener.js
1498566373384	Marionette	DEBUG	Received DOM event "beforeunload" for "about:blank"
2017-06-27 20:26:13.505 plugin-container[51957:433906] *** CFMessagePort: bootstrap_register(): failed 1100 (0x44c) 'Permission denied', port = 0x913f, name = 'com.apple.tsm.portname'
See /usr/include/servers/bootstrap_defs.h for the error codes.
2017-06-27 20:26:13.509 plugin-container[51957:433906] *** CFMessagePort: bootstrap_register(): failed 1100 (0x44c) 'Permission denied', port = 0x5407, name = 'com.apple.CFPasteboardClient'
See /usr/include/servers/bootstrap_defs.h for the error codes.
2017-06-27 20:26:13.509 plugin-container[51957:433906] void __CFPasteboardSetup() : Failed to allocate communication port for com.apple.CFPasteboardClient; this is likely due to sandbox restrictions
1498566373525	Marionette	DEBUG	Received DOM event "pagehide" for "about:blank"
1498566373526	Marionette	DEBUG	Received DOM event "unload" for "about:blank"
1498566374697	Marionette	DEBUG	Received DOM event "DOMContentLoaded" for "http://www.newrank.cn/public/login/login.html"
1498566374709	Marionette	DEBUG	Received DOM event "pageshow" for "http://www.newrank.cn/public/login/login.html"
1498566375064	Marionette	DEBUG	Canceled page load listener because no navigation has been detected
1498566460616	geckodriver	INFO	Listening on 127.0.0.1:65246
1498566461702	geckodriver::marionette	INFO	Starting browser /Applications/Firefox.app/Contents/MacOS/firefox-bin with args ["-marionette"]
1498566465084	Marionette	INFO	Listening on port 65260
1498566465179	Marionette	WARN	TLS certificate errors will be ignored for this session
1498566465652	Marionette	DEBUG	loaded listener.js
1498566465773	Marionette	DEBUG	Received DOM event "beforeunload" for "about:blank"
2017-06-27 20:27:45.822 plugin-container[52073:435502] *** CFMessagePort: bootstrap_register(): failed 1100 (0x44c) 'Permission denied', port = 0x8f3f, name = 'com.apple.tsm.portname'
See /usr/include/servers/bootstrap_defs.h for the error codes.
2017-06-27 20:27:45.823 plugin-container[52073:435502] *** CFMessagePort: bootstrap_register(): failed 1100 (0x44c) 'Permission denied', port = 0x521b, name = 'com.apple.CFPasteboardClient'
See /usr/include/servers/bootstrap_defs.h for the error codes.
2017-06-27 20:27:45.823 plugin-container[52073:435502] void __CFPasteboardSetup() : Failed to allocate communication port for com.apple.CFPasteboardClient; this is likely due to sandbox restrictions
1498566465857	Marionette	DEBUG	Received DOM event "pagehide" for "about:blank"
1498566465857	Marionette	DEBUG	Received DOM event "unload" for "about:blank"
1498566466942	Marionette	DEBUG	Received DOM event "DOMContentLoaded" for "http://www.newrank.cn/public/login/login.html"
1498566467118	Marionette	DEBUG	Received DOM event "pageshow" for "http://www.newrank.cn/public/login/login.html"
1498566467467	Marionette	DEBUG	Canceled page load listener because no navigation has been detected
1498566467912	Marionette	DEBUG	Received DOM event "beforeunload" for "http://www.newrank.cn/public/login/login.html"
1498566467927	Marionette	DEBUG	Received DOM event "pagehide" for "http://www.newrank.cn/public/login/login.html"
1498566467930	Marionette	DEBUG	Received DOM event "unload" for "http://www.newrank.cn/public/login/login.html"
1498566468067	Marionette	DEBUG	Received DOM event "DOMContentLoaded" for "http://www.newrank.cn/public/login/login.html"
1498566468158	Marionette	DEBUG	Received DOM event "pageshow" for "http://www.newrank.cn/public/login/login.html"
1498566502194	geckodriver	INFO	Listening on 127.0.0.1:65522
1498566503301	geckodriver::marionette	INFO	Starting browser /Applications/Firefox.app/Contents/MacOS/firefox-bin with args ["-marionette"]
1498566506698	Marionette	INFO	Listening on port 49155
1498566506825	Marionette	WARN	TLS certificate errors will be ignored for this session
1498566507239	Marionette	DEBUG	loaded listener.js
1498566507310	Marionette	DEBUG	Received DOM event "beforeunload" for "about:blank"
2017-06-27 20:28:27.418 plugin-container[52125:436303] *** CFMessagePort: bootstrap_register(): failed 1100 (0x44c) 'Permission denied', port = 0x8f3f, name = 'com.apple.tsm.portname'
See /usr/include/servers/bootstrap_defs.h for the error codes.
2017-06-27 20:28:27.419 plugin-container[52125:436303] *** CFMessagePort: bootstrap_register(): failed 1100 (0x44c) 'Permission denied', port = 0x8f43, name = 'com.apple.CFPasteboardClient'
See /usr/include/servers/bootstrap_defs.h for the error codes.
2017-06-27 20:28:27.419 plugin-container[52125:436303] void __CFPasteboardSetup() : Failed to allocate communication port for com.apple.CFPasteboardClient; this is likely due to sandbox restrictions
1498566507464	Marionette	DEBUG	Received DOM event "pagehide" for "about:blank"
1498566507464	Marionette	DEBUG	Received DOM event "unload" for "about:blank"
1498566508612	Marionette	DEBUG	Received DOM event "DOMContentLoaded" for "http://www.newrank.cn/public/login/login.html"
1498566508768	Marionette	DEBUG	Received DOM event "pageshow" for "http://www.newrank.cn/public/login/login.html"
1498566509175	Marionette	DEBUG	Canceled page load listener because no navigation has been detected
1498566509727	Marionette	DEBUG	Received DOM event "beforeunload" for "http://www.newrank.cn/public/login/login.html"
1498566509742	Marionette	DEBUG	Received DOM event "pagehide" for "http://www.newrank.cn/public/login/login.html"
1498566509752	Marionette	DEBUG	Received DOM event "unload" for "http://www.newrank.cn/public/login/login.html"
1498566509886	Marionette	DEBUG	Received DOM event "DOMContentLoaded" for "http://www.newrank.cn/public/login/login.html"
1498566509953	Marionette	DEBUG	Received DOM event "pageshow" for "http://www.newrank.cn/public/login/login.html"
1498566728022	geckodriver	INFO	Listening on 127.0.0.1:50072
1498566729135	geckodriver::marionette	INFO	Starting browser /Applications/Firefox.app/Contents/MacOS/firefox-bin with args ["-marionette"]
1498566732693	Marionette	INFO	Listening on port 50086
1498566732831	Marionette	WARN	TLS certificate errors will be ignored for this session
1498566733282	Marionette	DEBUG	loaded listener.js
1498566733362	Marionette	DEBUG	Received DOM event "beforeunload" for "about:blank"
2017-06-27 20:32:13.480 plugin-container[52404:440428] *** CFMessagePort: bootstrap_register(): failed 1100 (0x44c) 'Permission denied', port = 0x8f3f, name = 'com.apple.tsm.portname'
See /usr/include/servers/bootstrap_defs.h for the error codes.
2017-06-27 20:32:13.481 plugin-container[52404:440428] *** CFMessagePort: bootstrap_register(): failed 1100 (0x44c) 'Permission denied', port = 0x5123, name = 'com.apple.CFPasteboardClient'
See /usr/include/servers/bootstrap_defs.h for the error codes.
2017-06-27 20:32:13.481 plugin-container[52404:440428] void __CFPasteboardSetup() : Failed to allocate communication port for com.apple.CFPasteboardClient; this is likely due to sandbox restrictions
1498566733508	Marionette	DEBUG	Received DOM event "pagehide" for "about:blank"
1498566733509	Marionette	DEBUG	Received DOM event "unload" for "about:blank"
1498566735802	Marionette	DEBUG	Received DOM event "DOMContentLoaded" for "http://www.newrank.cn/public/login/login.html"
1498566737447	Marionette	DEBUG	Received DOM event "pageshow" for "http://www.newrank.cn/public/login/login.html"
1498566737801	Marionette	DEBUG	Canceled page load listener because no navigation has been detected
1498566738206	Marionette	DEBUG	Received DOM event "beforeunload" for "http://www.newrank.cn/public/login/login.html"
1498566738224	Marionette	DEBUG	Received DOM event "pagehide" for "http://www.newrank.cn/public/login/login.html"
1498566738229	Marionette	DEBUG	Received DOM event "unload" for "http://www.newrank.cn/public/login/login.html"
1498566738404	Marionette	DEBUG	Received DOM event "DOMContentLoaded" for "http://www.newrank.cn/public/login/login.html"
1498566741450	Marionette	DEBUG	Received DOM event "pageshow" for "http://www.newrank.cn/public/login/login.html"
1498566784998	addons.productaddons	WARN	Failed downloading via XHR, status: 0, reason: error
1498566785009	addons.productaddons	WARN	Failed downloading via XHR, status: 0, reason: error
1498566785404	Marionette	INFO	Ceased listening
1498566788538	Marionette	INFO	Ceased listening
1498566791666	Marionette	INFO	Ceased listening
1498566795217	Marionette	INFO	Ceased listening
1498566798512	addons.productaddons	WARN	Failed downloading via XHR, status: 0, reason: error
1498566798517	addons.productaddons	WARN	Failed downloading via XHR, status: 0, reason: error
1498566798864	Marionette	INFO	Ceased listening
console.error: 
  Protocol error (noSuchActor): No such actor for ID: server1.conn0.child1/memoryActor12

###!!! [Child][MessageChannel] Error: (msgtype=0x440102,name=PContent::Msg_AsyncMessage) Channel closing: too late to send/recv, messages will be lost

JavaScript error: chrome://global/content/process-content.js, line 71: NS_ERROR_UNEXPECTED: Component returned failure code: 0x8000ffff (NS_ERROR_UNEXPECTED) [nsIMessageSender.sendAsyncMessage]

###!!! [Child][MessageChannel] Error: (msgtype=0x2C0048,name=PBrowser::Msg___delete__) Channel closing: too late to send/recv, messages will be lost


###!!! [Child][RunMessage] Error: Channel closing: too late to send/recv, messages will be lost


###!!! [Child][RunMessage] Error: Channel closing: too late to send/recv, messages will be lost


###!!! [Child][MessageChannel] Error: (msgtype=0x4400AB,name=PContent::Msg_ConsoleMessage) Channel closing: too late to send/recv, messages will be lost


###!!! [Child][RunMessage] Error: Channel closing: too late to send/recv, messages will be lost


###!!! [Child][RunMessage] Error: Channel closing: too late to send/recv, messages will be lost

1498566802194	Marionette	INFO	Ceased listening
1498567182719	geckodriver	INFO	Listening on 127.0.0.1:51949
1498567183880	geckodriver::marionette	INFO	Starting browser /Applications/Firefox.app/Contents/MacOS/firefox-bin with args ["-marionette"]
1498567187115	Marionette	INFO	Listening on port 51963
1498567187252	Marionette	WARN	TLS certificate errors will be ignored for this session
1498567187607	Marionette	DEBUG	loaded listener.js
1498567187664	Marionette	DEBUG	Received DOM event "beforeunload" for "about:blank"
2017-06-27 20:39:47.755 plugin-container[52946:446929] *** CFMessagePort: bootstrap_register(): failed 1100 (0x44c) 'Permission denied', port = 0x8c3f, name = 'com.apple.tsm.portname'
See /usr/include/servers/bootstrap_defs.h for the error codes.
2017-06-27 20:39:47.756 plugin-container[52946:446929] *** CFMessagePort: bootstrap_register(): failed 1100 (0x44c) 'Permission denied', port = 0x8e23, name = 'com.apple.CFPasteboardClient'
See /usr/include/servers/bootstrap_defs.h for the error codes.
2017-06-27 20:39:47.756 plugin-container[52946:446929] void __CFPasteboardSetup() : Failed to allocate communication port for com.apple.CFPasteboardClient; this is likely due to sandbox restrictions
1498567187789	Marionette	DEBUG	Received DOM event "pagehide" for "about:blank"
1498567187789	Marionette	DEBUG	Received DOM event "unload" for "about:blank"
1498567189064	Marionette	DEBUG	Received DOM event "DOMContentLoaded" for "http://www.newrank.cn/public/login/login.html"
1498567189176	Marionette	DEBUG	Received DOM event "pageshow" for "http://www.newrank.cn/public/login/login.html"
1498567189517	Marionette	DEBUG	Canceled page load listener because no navigation has been detected
1498567189915	Marionette	DEBUG	Received DOM event "beforeunload" for "http://www.newrank.cn/public/login/login.html"
1498567189930	Marionette	DEBUG	Received DOM event "pagehide" for "http://www.newrank.cn/public/login/login.html"
1498567189936	Marionette	DEBUG	Received DOM event "unload" for "http://www.newrank.cn/public/login/login.html"
1498567190063	Marionette	DEBUG	Received DOM event "DOMContentLoaded" for "http://www.newrank.cn/public/login/login.html"
1498567190139	Marionette	DEBUG	Received DOM event "pageshow" for "http://www.newrank.cn/public/login/login.html"
1498567213091	Marionette	INFO	Ceased listening
1498567216435	geckodriver	INFO	Listening on 127.0.0.1:52215
1498567217512	geckodriver::marionette	INFO	Starting browser /Applications/Firefox.app/Contents/MacOS/firefox-bin with args ["-marionette"]
1498567220662	Marionette	INFO	Listening on port 52229
1498567220796	Marionette	WARN	TLS certificate errors will be ignored for this session
1498567221120	Marionette	DEBUG	loaded listener.js
1498567221184	Marionette	DEBUG	Received DOM event "beforeunload" for "about:blank"
2017-06-27 20:40:21.443 plugin-container[52981:447726] *** CFMessagePort: bootstrap_register(): failed 1100 (0x44c) 'Permission denied', port = 0x8d3f, name = 'com.apple.tsm.portname'
See /usr/include/servers/bootstrap_defs.h for the error codes.
2017-06-27 20:40:21.445 plugin-container[52981:447726] *** CFMessagePort: bootstrap_register(): failed 1100 (0x44c) 'Permission denied', port = 0x8f0f, name = 'com.apple.CFPasteboardClient'
See /usr/include/servers/bootstrap_defs.h for the error codes.
2017-06-27 20:40:21.445 plugin-container[52981:447726] void __CFPasteboardSetup() : Failed to allocate communication port for com.apple.CFPasteboardClient; this is likely due to sandbox restrictions
1498567221480	Marionette	DEBUG	Received DOM event "pagehide" for "about:blank"
1498567221481	Marionette	DEBUG	Received DOM event "unload" for "about:blank"
1498567222821	Marionette	DEBUG	Received DOM event "DOMContentLoaded" for "http://www.newrank.cn/public/login/login.html"
1498567222929	Marionette	DEBUG	Received DOM event "pageshow" for "http://www.newrank.cn/public/login/login.html"
1498567223278	Marionette	DEBUG	Canceled page load listener because no navigation has been detected
1498567223720	Marionette	DEBUG	Received DOM event "beforeunload" for "http://www.newrank.cn/public/login/login.html"
1498567223736	Marionette	DEBUG	Received DOM event "pagehide" for "http://www.newrank.cn/public/login/login.html"
1498567223741	Marionette	DEBUG	Received DOM event "unload" for "http://www.newrank.cn/public/login/login.html"
1498567223919	Marionette	DEBUG	Received DOM event "DOMContentLoaded" for "http://www.newrank.cn/public/login/login.html"
1498567224202	Marionette	DEBUG	Received DOM event "pageshow" for "http://www.newrank.cn/public/login/login.html"
*************************
A coding exception was thrown and uncaught in a Task.

Full message: TypeError: NetworkError when attempting to fetch resource.
Full stack: 
*************************
